11:27:02 **** Incremental Build of configuration Debug for project WiFi_MQTT_Client ****
/home/massimo/ModusToolbox/tools_3.0/modus-shell/bin/make CY_MAKE_IDE=eclipse CY_IDE_TOOLS_DIR=/home/massimo/ModusToolbox/tools_3.0 CY_IDE_BT_TOOLS_DIR= -j8 all 
Tools Directory: /home/massimo/ModusToolbox/tools_3.0
Searching installed tools in progress...
Searching installed tools complete




Prebuild operations complete

Auto-discovery in progress...
Auto-discovery complete
Commencing build operations...

Tools Directory: /home/massimo/ModusToolbox/tools_3.0

Initializing build: mtb-example-wifi-mqtt-client Debug APP_CY8CPROTO-062-4343W GCC_ARM

Constructing build rules...
Build rules construction complete

==============================================================================
= Building application =
==============================================================================
Generating compilation database file...
-> ./build/compile_commands.json
Compilation database file generation complete
Building 471 file(s)
Compiling source/state.c -DCOMPONENT_4343W -DCOMPONENT_APP_CY8CPROTO_062_4343W -DCOMPONENT_CAT1 -DCOMPONENT_CAT1A -DCOMPONENT_CM0P_SLEEP -DCOMPONENT_CM4 -DCOMPONENT_CM4_0 -DCOMPONENT_Debug -DCOMPONENT_FREERTOS -DCOMPONENT_GCC_ARM -DCOMPONENT_HCI_UART -DCOMPONENT_LWIP -DCOMPONENT_MBEDTLS -DCOMPONENT_MURATA_1DX -DCOMPONENT_MW_ABSTRACTION_RTOS -DCOMPONENT_MW_AWS_IOT_DEVICE_SDK_EMBEDDED_C -DCOMPONENT_MW_AWS_IOT_DEVICE_SDK_PORT -DCOMPONENT_MW_BTSTACK -DCOMPONENT_MW_BTSTACK_INTEGRATION -DCOMPONENT_MW_CAT1CM0P -DCOMPONENT_MW_CLIB_SUPPORT -DCOMPONENT_MW_CMSIS -DCOMPONENT_MW_CONNECTIVITY_UTILITIES -DCOMPONENT_MW_CORE_LIB -DCOMPONENT_MW_CORE_MAKE -DCOMPONENT_MW_CY_MBEDTLS_ACCELERATION -DCOMPONENT_MW_FREERTOS -DCOMPONENT_MW_LWIP -DCOMPONENT_MW_LWIP_FREERTOS_INTEGRATION -DCOMPONENT_MW_LWIP_NETWORK_INTERFACE_INTEGRATION -DCOMPONENT_MW_MBEDTLS -DCOMPONENT_MW_MQTT -DCOMPONENT_MW_MTB_HAL_CAT1 -DCOMPONENT_MW_MTB_PDL_CAT1 -DCOMPONENT_MW_RECIPE_MAKE_CAT1A -DCOMPONENT_MW_RETARGET_IO -DCOMPONENT_MW_SECURE_SOCKETS -DCOMPONENT_MW_SERIAL_FLASH -DCOMPONENT_MW_WHD_BSP_INTEGRATION -DCOMPONENT_MW_WIFI_CONNECTION_MANAGER -DCOMPONENT_MW_WIFI_CORE_FREERTOS_LWIP_MBEDTLS -DCOMPONENT_MW_WIFI_HOST_DRIVER -DCOMPONENT_MW_WPA3_EXTERNAL_SUPPLICANT -DCOMPONENT_PSOC6_02 -DCOMPONENT_SECURE_SOCKETS -DCOMPONENT_SOFTFP -DCOMPONENT_WICED_BLE -DCOMPONENT_WIFI_INTERFACE_SDIO -DCORE_NAME_CM4_0=1 -DCY8C624ABZI_S2D44 -DCYBSP_WIFI_CAPABLE -DCY_APPNAME_mtb_example_wifi_mqtt_client -DCY_RETARGET_IO_CONVERT_LF_TO_CRLF -DCY_RTOS_AWARE -DCY_SUPPORTS_DEVICE_VALIDATION -DCY_TARGET_BOARD=APP_CY8CPROTO_062_4343W -DCY_USING_HAL -DCY_WIFI_HOST_WAKE_SW_FORCE=0 -DDEBUG -DMBEDTLS_USER_CONFIG_FILE='"mbedtls_user_config.h"' -DTARGET_APP_CY8CPROTO_062_4343W -I./configs -I./configs/COMPONENT_CM4 -Ibsps/TARGET_APP_CY8CPROTO-062-4343W -Ibsps -I. -Ibsps/TARGET_APP_CY8CPROTO-062-4343W/bluetooth -Ibsps/TARGET_APP_CY8CPROTO-062-4343W/config/GeneratedSource -Ibsps/TARGET_APP_CY8CPROTO-062-4343W/config -Iconfigs -Iconfigs/COMPONENT_CM4 -IGeneratedSource -Isource -I../mtb_shared/btstack-integration/release-v4.2.0/COMPONENT_HCI-UART/common -I../mtb_shared/btstack-integration/release-v4.2.0/COMPONENT_HCI-UART -I../mtb_shared/btstack-integration/release-v4.2.0 -I../mtb_shared/btstack-integration/release-v4.2.0/COMPONENT_HCI-UART/debug -I../mtb_shared/btstack-integration/release-v4.2.0/COMPONENT_HCI-UART/include -I../mtb_shared/btstack/release-v3.6.0/wiced_include -I../mtb_shared/btstack/release-v3.6.0 -I../mtb_shared/mqtt/release-v3.4.2/include -I../mtb_shared/mqtt/release-v3.4.2 -I../mtb_shared/retarget-io/release-v1.4.0 -I../mtb_shared/serial-flash/release-v1.3.0 -I../mtb_shared/wifi-core-freertos-lwip-mbedtls/release-v1.0.0/configs -I../mtb_shared/wifi-core-freertos-lwip-mbedtls/release-v1.0.0 -I../mtb_shared/abstraction-rtos/release-v1.7.0/include -I../mtb_shared/abstraction-rtos/release-v1.7.0 -I../mtb_shared/abstraction-rtos/release-v1.7.0/include/COMPONENT_FREERTOS -I../mtb_shared/aws-iot-device-sdk-embedded-C/202103.00/libraries/aws/ota-for-aws-iot-embedded-sdk/source/dependency/3rdparty/tinycbor/src -I../mtb_shared/aws-iot-device-sdk-embedded-C/202103.00/libraries/aws/ota-for-aws-iot-embedded-sdk/source/dependency/3rdparty/tinycbor -I../mtb_shared/aws-iot-device-sdk-embedded-C/202103.00/libraries/aws/ota-for-aws-iot-embedded-sdk/source/dependency/3rdparty -I../mtb_shared/aws-iot-device-sdk-embedded-C/202103.00/libraries/aws/ota-for-aws-iot-embedded-sdk/source/dependency -I../mtb_shared/aws-iot-device-sdk-embedded-C/202103.00/libraries/aws/ota-for-aws-iot-embedded-sdk/source -I../mtb_shared/aws-iot-device-sdk-embedded-C/202103.00/libraries/aws/ota-for-aws-iot-embedded-sdk -I../mtb_shared/aws-iot-device-sdk-embedded-C/202103.00/libraries/aws -I../mtb_shared/aws-iot-device-sdk-embedded-C/202103.00/libraries -I../mtb_shared/aws-iot-device-sdk-embedded-C/202103.00 -I../mtb_shared/aws-iot-device-sdk-embedded-C/202103.00/libraries/aws/ota-for-aws-iot-embedded-sdk/source/include -I../mtb_shared/aws-iot-device-sdk-embedded-C/202103.00/libraries/standard/backoffAlgorithm/source/include -I../mtb_shared/aws-iot-device-sdk-embedded-C/202103.00/libraries/standard/backoffAlgorithm/source -I../mtb_shared/aws-iot-device-sdk-embedded-C/202103.00/libraries/standard/backoffAlgorithm -I../mtb_shared/aws-iot-device-sdk-embedded-C/202103.00/libraries/standard -I../mtb_shared/aws-iot-device-sdk-embedded-C/202103.00/libraries/standard/coreJSON/source/include -I../mtb_shared/aws-iot-device-sdk-embedded-C/202103.00/libraries/standard/coreJSON/source -I../mtb_shared/aws-iot-device-sdk-embedded-C/202103.00/libraries/standard/coreJSON -I../mtb_shared/aws-iot-device-sdk-embedded-C/202103.00/libraries/standard/coreMQTT/source/include -I../mtb_shared/aws-iot-device-sdk-embedded-C/202103.00/libraries/standard/coreMQTT/source -I../mtb_shared/aws-iot-device-sdk-embedded-C/202103.00/libraries/standard/coreMQTT -I../mtb_shared/aws-iot-device-sdk-embedded-C/202103.00/libraries/standard/coreMQTT/source/interface -I../mtb_shared/aws-iot-device-sdk-embedded-C/202103.00/libraries/standard/corePKCS11/source/dependency/3rdparty/mbedtls_utils -I../mtb_shared/aws-iot-device-sdk-embedded-C/202103.00/libraries/standard/corePKCS11/source/dependency/3rdparty -I../mtb_shared/aws-iot-device-sdk-embedded-C/202103.00/libraries/standard/corePKCS11/source/dependency -I../mtb_shared/aws-iot-device-sdk-embedded-C/202103.00/libraries/standard/corePKCS11/source -I../mtb_shared/aws-iot-device-sdk-embedded-C/202103.00/libraries/standard/corePKCS11 -I../mtb_shared/aws-iot-device-sdk-embedded-C/202103.00/libraries/standard/corePKCS11/source/dependency/3rdparty/pkcs11 -I../mtb_shared/aws-iot-device-sdk-embedded-C/202103.00/libraries/standard/corePKCS11/source/include -I../mtb_shared/aws-iot-device-sdk-embedded-C/202103.00/platform/include -I../mtb_shared/aws-iot-device-sdk-embedded-C/202103.00/platform -I../mtb_shared/aws-iot-device-sdk-port/release-v2.2.2/configs -I../mtb_shared/aws-iot-device-sdk-port/release-v2.2.2 -I../mtb_shared/aws-iot-device-sdk-port/release-v2.2.2/include -I../mtb_shared/aws-iot-device-sdk-port/release-v2.2.2/source/include -I../mtb_shared/aws-iot-device-sdk-port/release-v2.2.2/source -I../mtb_shared/aws-iot-device-sdk-port/release-v2.2.2/source/ota -I../mtb_shared/cat1cm0p/release-v1.0.0/COMPONENT_CAT1A -I../mtb_shared/cat1cm0p/release-v1.0.0 -I../mtb_shared/clib-support/release-v1.3.0 -I../mtb_shared/clib-support/release-v1.3.0/TOOLCHAIN_GCC_ARM -I../mtb_shared/cmsis/release-v5.8.0/Core/Include -I../mtb_shared/cmsis/release-v5.8.0/Core -I../mtb_shared/cmsis/release-v5.8.0 -I../mtb_shared/connectivity-utilities/release-v4.1.0 -I../mtb_shared/connectivity-utilities/release-v4.1.0/cy_log -I../mtb_shared/connectivity-utilities/release-v4.1.0/cy_string -I../mtb_shared/connectivity-utilities/release-v4.1.0/JSON_parser -I../mtb_shared/connectivity-utilities/release-v4.1.0/linked_list -I../mtb_shared/connectivity-utilities/release-v4.1.0/network -I../mtb_shared/core-lib/release-v1.3.1/include -I../mtb_shared/core-lib/release-v1.3.1 -I../mtb_shared/cy-mbedtls-acceleration/release-v1.4.1 -I../mtb_shared/cy-mbedtls-acceleration/release-v1.4.1/COMPONENT_CAT1/include -I../mtb_shared/cy-mbedtls-acceleration/release-v1.4.1/COMPONENT_CAT1 -I../mtb_shared/cy-mbedtls-acceleration/release-v1.4.1/COMPONENT_CAT1/mbedtls_MXCRYPTO -I../mtb_shared/cy-mbedtls-acceleration/release-v1.4.1/COMPONENT_CAT1/mbedtls_MXCRYPTOLITE -I../mtb_shared/freertos/release-v10.4.305/Source/include -I../mtb_shared/freertos/release-v10.4.305/Source -I../mtb_shared/freertos/release-v10.4.305 -I../mtb_shared/freertos/release-v10.4.305/Source/portable/COMPONENT_CM4 -I../mtb_shared/freertos/release-v10.4.305/Source/portable -I../mtb_shared/freertos/release-v10.4.305/Source/portable/COMPONENT_CM4/TOOLCHAIN_GCC_ARM -I../mtb_shared/lwip-freertos-integration/release-v1.0.0/arch -I../mtb_shared/lwip-freertos-integration/release-v1.0.0 -I../mtb_shared/lwip-network-interface-integration/release-v1.1.1/include -I../mtb_shared/lwip-network-interface-integration/release-v1.1.1 -I../mtb_shared/lwip-network-interface-integration/release-v1.1.1/source -I../mtb_shared/lwip/STABLE-2_1_2_RELEASE/src/include/compat/posix -I../mtb_shared/lwip/STABLE-2_1_2_RELEASE/src/include/compat -I../mtb_shared/lwip/STABLE-2_1_2_RELEASE/src/include -I../mtb_shared/lwip/STABLE-2_1_2_RELEASE/src -I../mtb_shared/lwip/STABLE-2_1_2_RELEASE -I../mtb_shared/lwip/STABLE-2_1_2_RELEASE/src/include/compat/posix/arpa -I../mtb_shared/lwip/STABLE-2_1_2_RELEASE/src/include/compat/posix/net -I../mtb_shared/lwip/STABLE-2_1_2_RELEASE/src/include/compat/posix/sys -I../mtb_shared/lwip/STABLE-2_1_2_RELEASE/src/include/compat/stdc -I../mtb_shared/lwip/STABLE-2_1_2_RELEASE/src/include/lwip -I../mtb_shared/lwip/STABLE-2_1_2_RELEASE/src/include/lwip/apps -I../mtb_shared/lwip/STABLE-2_1_2_RELEASE/src/include/lwip/priv -I../mtb_shared/lwip/STABLE-2_1_2_RELEASE/src/include/lwip/prot -I../mtb_shared/lwip/STABLE-2_1_2_RELEASE/src/include/netif -I../mtb_shared/lwip/STABLE-2_1_2_RELEASE/src/include/netif/ppp -I../mtb_shared/lwip/STABLE-2_1_2_RELEASE/src/include/netif/ppp/polarssl -I../mtb_shared/mbedtls/mbedtls-2.25.0/include/mbedtls -I../mtb_shared/mbedtls/mbedtls-2.25.0/include -I../mtb_shared/mbedtls/mbedtls-2.25.0 -I../mtb_shared/mbedtls/mbedtls-2.25.0/include/psa -I../mtb_shared/mbedtls/mbedtls-2.25.0/library -I../mtb_shared/mtb-hal-cat1/release-v2.2.0/COMPONENT_CAT1A/include/pin_packages -I../mtb_shared/mtb-hal-cat1/release-v2.2.0/COMPONENT_CAT1A/include -I../mtb_shared/mtb-hal-cat1/release-v2.2.0/COMPONENT_CAT1A -I../mtb_shared/mtb-hal-cat1/release-v2.2.0 -I../mtb_shared/mtb-hal-cat1/release-v2.2.0/COMPONENT_CAT1A/include/triggers -I../mtb_shared/mtb-hal-cat1/release-v2.2.0/include -I../mtb_shared/mtb-hal-cat1/release-v2.2.0/include_pvt -I../mtb_shared/mtb-hal-cat1/release-v2.2.0/source -I../mtb_shared/mtb-pdl-cat1/release-v3.2.0/devices/COMPONENT_CAT1A/include -I../mtb_shared/mtb-pdl-cat1/release-v3.2.0/devices/COMPONENT_CAT1A -I../mtb_shared/mtb-pdl-cat1/release-v3.2.0/devices -I../mtb_shared/mtb-pdl-cat1/release-v3.2.0 -I../mtb_shared/mtb-pdl-cat1/release-v3.2.0/devices/COMPONENT_CAT1A/include/ip -I../mtb_shared/mtb-pdl-cat1/release-v3.2.0/drivers/include -I../mtb_shared/mtb-pdl-cat1/release-v3.2.0/drivers -I../mtb_shared/secure-sockets/release-v3.2.0/include -I../mtb_shared/secure-sockets/release-v3.2.0 -I../mtb_shared/secure-sockets/release-v3.2.0/include/COMPONENT_FREERTOS -I../mtb_shared/secure-sockets/release-v3.2.0/source -I../mtb_shared/whd-bsp-integration/release-v2.1.0 -I../mtb_shared/wifi-connection-manager/release-v3.0.1/include -I../mtb_shared/wifi-connection-manager/release-v3.0.1 -I../mtb_shared/wifi-connection-manager/release-v3.0.1/source/COMPONENT_4343W -I../mtb_shared/wifi-connection-manager/release-v3.0.1/source -I../mtb_shared/wifi-connection-manager/release-v3.0.1/source/COMPONENT_MBEDTLS -I../mtb_shared/wifi-host-driver/release-v2.5.0/WiFi_Host_Driver/inc -I../mtb_shared/wifi-host-driver/release-v2.5.0/WiFi_Host_Driver -I../mtb_shared/wifi-host-driver/release-v2.5.0 -I../mtb_shared/wifi-host-driver/release-v2.5.0/WiFi_Host_Driver/resources/clm/COMPONENT_4343W -I../mtb_shared/wifi-host-driver/release-v2.5.0/WiFi_Host_Driver/resources/clm -I../mtb_shared/wifi-host-driver/release-v2.5.0/WiFi_Host_Driver/resources -I../mtb_shared/wifi-host-driver/release-v2.5.0/WiFi_Host_Driver/resources/firmware/COMPONENT_4343W -I../mtb_shared/wifi-host-driver/release-v2.5.0/WiFi_Host_Driver/resources/firmware -I../mtb_shared/wifi-host-driver/release-v2.5.0/WiFi_Host_Driver/resources/nvram/COMPONENT_4343W/COMPONENT_MURATA-1DX -I../mtb_shared/wifi-host-driver/release-v2.5.0/WiFi_Host_Driver/resources/nvram/COMPONENT_4343W -I../mtb_shared/wifi-host-driver/release-v2.5.0/WiFi_Host_Driver/resources/nvram -I../mtb_shared/wifi-host-driver/release-v2.5.0/WiFi_Host_Driver/resources/resource_imp -I../mtb_shared/wifi-host-driver/release-v2.5.0/WiFi_Host_Driver/src/bus_protocols -I../mtb_shared/wifi-host-driver/release-v2.5.0/WiFi_Host_Driver/src -I../mtb_shared/wifi-host-driver/release-v2.5.0/WiFi_Host_Driver/src/include -I../mtb_shared/wpa3-external-supplicant/release-v1.1.0/include -I../mtb_shared/wpa3-external-supplicant/release-v1.1.0 
In file included from ../mtb_shared/freertos/release-v10.4.305/Source/include/FreeRTOS.h:57,
                 from source/state.c:14:
./configs/COMPONENT_CM4/FreeRTOSConfig.h:57: warning: "configUSE_PORT_OPTIMISED_TASK_SELECTION" redefined
   57 | #define configUSE_PORT_OPTIMISED_TASK_SELECTION 0
      | 
In file included from source/state.c:8:
../mtb_shared/freertos/release-v10.4.305/Source/portable/COMPONENT_CM4/TOOLCHAIN_GCC_ARM/portmacro.h:127: note: this is the location of the previous definition
  127 |         #define configUSE_PORT_OPTIMISED_TASK_SELECTION    1
      | 
In file included from ../mtb_shared/freertos/release-v10.4.305/Source/include/FreeRTOS.h:57,
                 from source/state.c:14:
./configs/COMPONENT_CM4/FreeRTOSConfig.h:208: warning: "portSUPPRESS_TICKS_AND_SLEEP" redefined
  208 | #define portSUPPRESS_TICKS_AND_SLEEP( xIdleTime ) vApplicationSleep( xIdleTime )
      | 
In file included from source/state.c:8:
../mtb_shared/freertos/release-v10.4.305/Source/portable/COMPONENT_CM4/TOOLCHAIN_GCC_ARM/portmacro.h:121: note: this is the location of the previous definition
  121 |         #define portSUPPRESS_TICKS_AND_SLEEP( xExpectedIdleTime )    vPortSuppressTicksAndSleep( xExpectedIdleTime )
      | 
source/state.c: In function 'state_task':
source/state.c:179:51: warning: format '%d' expects argument of type 'int', but argument 3 has type 'uint32_t' {aka 'long unsigned int'} [-Wformat=]
  179 |         sprintf(buffer, "{state:\"PAIRING\",code:%d}", newState.meta.passkey);
      |                                                  ~^    ~~~~~~~~~~~~~~~~~~~~~
      |                                                   |                 |
      |                                                   int               uint32_t {aka long unsigned int}
      |                                                  %ld
source/state.c: In function 'mqtt_subscription_callback':
source/state.c:338:7: warning: unused variable 'received_msg_len' [-Wunused-variable]
  338 |   int received_msg_len = received_msg_info->payload_len;
      |       ^~~~~~~~~~~~~~~~
At top level:
source/state.c:324:13: warning: 'unsubscribe_from_topic' defined but not used [-Wunused-function]
  324 | static void unsubscribe_from_topic(void) {
      |             ^~~~~~~~~~~~~~~~~~~~~~
    Linking output file mtb-example-wifi-mqtt-client.elf
/home/massimo/ModusToolbox/tools_3.0/gcc/bin/arm-none-eabi-objcopy -O ihex /home/massimo/ModusToolbox/Workspaces/Project3/WiFi_MQTT_Client/build/APP_CY8CPROTO-062-4343W/Debug/mtb-example-wifi-mqtt-client.elf /home/massimo/ModusToolbox/Workspaces/Project3/WiFi_MQTT_Client/build/APP_CY8CPROTO-062-4343W/Debug/mtb-example-wifi-mqtt-client.hex
==============================================================================
= Build complete =
==============================================================================

Calculating memory consumption: CY8C624ABZI-S2D44 GCC_ARM

   ---------------------------------------------------- 
  | Section Name         |  Address      |  Size       | 
   ---------------------------------------------------- 
  | .cy_m0p_image        |  0x10000000   |  6224       | 
  | .text                |  0x10002000   |  1028528    | 
  | .ARM.exidx           |  0x100fd1b0   |  8          | 
  | .copy.table          |  0x100fd1b8   |  24         | 
  | .zero.table          |  0x100fd1d0   |  8          | 
  | .data                |  0x080022e0   |  2224       | 
  | .cy_sharedmem        |  0x08002b90   |  8          | 
  | .noinit              |  0x08002b98   |  224        | 
  | .bss                 |  0x08002c78   |  58712      | 
  | .heap                |  0x080111d0   |  972336     | 
   ---------------------------------------------------- 

  Total Internal Flash (Available)          2097152    
  Total Internal Flash (Utilized)           1039000    


  

11:27:05 Build Finished. 0 errors, 5 warnings. (took 3s.630ms)

